mode: set
github.com/georgelipceanu/fyp/prototype/scheduler/cmd/kube-scheduler/main.go:13.13,22.38 4 0
github.com/georgelipceanu/fyp/prototype/scheduler/cmd/kube-scheduler/main.go:22.38,24.3 1 0
github.com/georgelipceanu/fyp/prototype/scheduler/pkg/framework/plugins/carbonbinpack/plugin.go:23.93,25.2 1 1
github.com/georgelipceanu/fyp/prototype/scheduler/pkg/framework/plugins/carbonbinpack/plugin.go:27.40,29.2 1 1
github.com/georgelipceanu/fyp/prototype/scheduler/pkg/framework/plugins/carbonbinpack/plugin.go:31.139,33.42 2 1
github.com/georgelipceanu/fyp/prototype/scheduler/pkg/framework/plugins/carbonbinpack/plugin.go:33.42,35.3 1 1
github.com/georgelipceanu/fyp/prototype/scheduler/pkg/framework/plugins/carbonbinpack/plugin.go:36.2,44.24 7 1
github.com/georgelipceanu/fyp/prototype/scheduler/pkg/framework/plugins/carbonbinpack/plugin.go:47.70,49.2 1 1
github.com/georgelipceanu/fyp/prototype/scheduler/pkg/framework/plugins/carbonbinpack/plugin.go:51.65,52.41 1 1
github.com/georgelipceanu/fyp/prototype/scheduler/pkg/framework/plugins/carbonbinpack/plugin.go:52.41,53.58 1 1
github.com/georgelipceanu/fyp/prototype/scheduler/pkg/framework/plugins/carbonbinpack/plugin.go:53.58,55.4 1 1
github.com/georgelipceanu/fyp/prototype/scheduler/pkg/framework/plugins/carbonbinpack/plugin.go:57.2,57.19 1 1
github.com/georgelipceanu/fyp/prototype/scheduler/pkg/framework/plugins/carbonbinpack/plugin.go:60.48,62.9 2 1
github.com/georgelipceanu/fyp/prototype/scheduler/pkg/framework/plugins/carbonbinpack/plugin.go:62.9,64.3 1 1
github.com/georgelipceanu/fyp/prototype/scheduler/pkg/framework/plugins/carbonbinpack/plugin.go:66.2,67.16 2 1
github.com/georgelipceanu/fyp/prototype/scheduler/pkg/framework/plugins/carbonbinpack/plugin.go:67.16,69.3 1 1
github.com/georgelipceanu/fyp/prototype/scheduler/pkg/framework/plugins/carbonbinpack/plugin.go:71.2,72.30 2 1
github.com/georgelipceanu/fyp/prototype/scheduler/pkg/framework/plugins/carbonbinpack/plugin.go:72.30,74.3 1 1
github.com/georgelipceanu/fyp/prototype/scheduler/pkg/framework/plugins/carbonbinpack/plugin.go:75.2,75.54 1 1
github.com/georgelipceanu/fyp/prototype/scheduler/pkg/framework/plugins/carbonbinpack/plugin.go:78.64,87.2 6 1
github.com/georgelipceanu/fyp/prototype/scheduler/pkg/framework/plugins/carbonfilter/plugin.go:24.93,28.2 1 0
github.com/georgelipceanu/fyp/prototype/scheduler/pkg/framework/plugins/carbonfilter/plugin.go:31.38,33.2 1 1
github.com/georgelipceanu/fyp/prototype/scheduler/pkg/framework/plugins/carbonfilter/plugin.go:36.142,38.17 2 1
github.com/georgelipceanu/fyp/prototype/scheduler/pkg/framework/plugins/carbonfilter/plugin.go:38.17,40.3 1 1
github.com/georgelipceanu/fyp/prototype/scheduler/pkg/framework/plugins/carbonfilter/plugin.go:43.2,44.13 2 1
github.com/georgelipceanu/fyp/prototype/scheduler/pkg/framework/plugins/carbonfilter/plugin.go:44.13,47.3 1 1
github.com/georgelipceanu/fyp/prototype/scheduler/pkg/framework/plugins/carbonfilter/plugin.go:48.2,49.16 2 1
github.com/georgelipceanu/fyp/prototype/scheduler/pkg/framework/plugins/carbonfilter/plugin.go:49.16,51.3 1 1
github.com/georgelipceanu/fyp/prototype/scheduler/pkg/framework/plugins/carbonfilter/plugin.go:54.2,55.15 2 1
github.com/georgelipceanu/fyp/prototype/scheduler/pkg/framework/plugins/carbonfilter/plugin.go:55.15,58.3 1 1
github.com/georgelipceanu/fyp/prototype/scheduler/pkg/framework/plugins/carbonfilter/plugin.go:59.2,60.16 2 1
github.com/georgelipceanu/fyp/prototype/scheduler/pkg/framework/plugins/carbonfilter/plugin.go:60.16,62.3 1 1
github.com/georgelipceanu/fyp/prototype/scheduler/pkg/framework/plugins/carbonfilter/plugin.go:63.2,63.27 1 1
github.com/georgelipceanu/fyp/prototype/scheduler/pkg/framework/plugins/carbonfilter/plugin.go:63.27,65.50 2 1
github.com/georgelipceanu/fyp/prototype/scheduler/pkg/framework/plugins/carbonfilter/plugin.go:65.50,78.4 2 1
github.com/georgelipceanu/fyp/prototype/scheduler/pkg/framework/plugins/carbonfilter/plugin.go:79.3,80.62 2 1
github.com/georgelipceanu/fyp/prototype/scheduler/pkg/framework/plugins/carbonfilter/plugin.go:84.2,84.51 1 1
