mode: set
susk8s/operator/api/v1alpha1/carboninfo_types.go:90.13,92.2 1 0
susk8s/operator/api/v1alpha1/emissionreport_types.go:96.13,98.2 1 0
susk8s/operator/api/v1alpha1/workloadpolicy_types.go:131.13,133.2 1 0
susk8s/operator/api/v1alpha1/zz_generated.deepcopy.go:29.53,35.2 5 0
susk8s/operator/api/v1alpha1/zz_generated.deepcopy.go:38.46,39.15 1 0
susk8s/operator/api/v1alpha1/zz_generated.deepcopy.go:39.15,41.3 1 0
susk8s/operator/api/v1alpha1/zz_generated.deepcopy.go:42.2,44.12 3 0
susk8s/operator/api/v1alpha1/zz_generated.deepcopy.go:48.55,49.34 1 0
susk8s/operator/api/v1alpha1/zz_generated.deepcopy.go:49.34,51.3 1 0
susk8s/operator/api/v1alpha1/zz_generated.deepcopy.go:52.2,52.12 1 0
susk8s/operator/api/v1alpha1/zz_generated.deepcopy.go:56.61,60.21 4 0
susk8s/operator/api/v1alpha1/zz_generated.deepcopy.go:60.21,63.22 3 0
susk8s/operator/api/v1alpha1/zz_generated.deepcopy.go:63.22,65.4 1 0
susk8s/operator/api/v1alpha1/zz_generated.deepcopy.go:70.54,71.15 1 0
susk8s/operator/api/v1alpha1/zz_generated.deepcopy.go:71.15,73.3 1 0
susk8s/operator/api/v1alpha1/zz_generated.deepcopy.go:74.2,76.12 3 0
susk8s/operator/api/v1alpha1/zz_generated.deepcopy.go:80.59,81.34 1 0
susk8s/operator/api/v1alpha1/zz_generated.deepcopy.go:81.34,83.3 1 0
susk8s/operator/api/v1alpha1/zz_generated.deepcopy.go:84.2,84.12 1 0
susk8s/operator/api/v1alpha1/zz_generated.deepcopy.go:88.61,90.2 1 0
susk8s/operator/api/v1alpha1/zz_generated.deepcopy.go:93.54,94.15 1 0
susk8s/operator/api/v1alpha1/zz_generated.deepcopy.go:94.15,96.3 1 0
susk8s/operator/api/v1alpha1/zz_generated.deepcopy.go:97.2,99.12 3 0
susk8s/operator/api/v1alpha1/zz_generated.deepcopy.go:103.65,105.27 2 0
susk8s/operator/api/v1alpha1/zz_generated.deepcopy.go:105.27,108.3 2 0
susk8s/operator/api/v1alpha1/zz_generated.deepcopy.go:109.2,109.26 1 0
susk8s/operator/api/v1alpha1/zz_generated.deepcopy.go:109.26,112.22 3 0
susk8s/operator/api/v1alpha1/zz_generated.deepcopy.go:112.22,114.4 1 0
susk8s/operator/api/v1alpha1/zz_generated.deepcopy.go:119.58,120.15 1 0
susk8s/operator/api/v1alpha1/zz_generated.deepcopy.go:120.15,122.3 1 0
susk8s/operator/api/v1alpha1/zz_generated.deepcopy.go:123.2,125.12 3 0
susk8s/operator/api/v1alpha1/zz_generated.deepcopy.go:129.61,135.2 5 0
susk8s/operator/api/v1alpha1/zz_generated.deepcopy.go:138.54,139.15 1 0
susk8s/operator/api/v1alpha1/zz_generated.deepcopy.go:139.15,141.3 1 0
susk8s/operator/api/v1alpha1/zz_generated.deepcopy.go:142.2,144.12 3 0
susk8s/operator/api/v1alpha1/zz_generated.deepcopy.go:148.59,149.34 1 0
susk8s/operator/api/v1alpha1/zz_generated.deepcopy.go:149.34,151.3 1 0
susk8s/operator/api/v1alpha1/zz_generated.deepcopy.go:152.2,152.12 1 0
susk8s/operator/api/v1alpha1/zz_generated.deepcopy.go:156.69,160.21 4 0
susk8s/operator/api/v1alpha1/zz_generated.deepcopy.go:160.21,163.22 3 0
susk8s/operator/api/v1alpha1/zz_generated.deepcopy.go:163.22,165.4 1 0
susk8s/operator/api/v1alpha1/zz_generated.deepcopy.go:170.62,171.15 1 0
susk8s/operator/api/v1alpha1/zz_generated.deepcopy.go:171.15,173.3 1 0
susk8s/operator/api/v1alpha1/zz_generated.deepcopy.go:174.2,176.12 3 0
susk8s/operator/api/v1alpha1/zz_generated.deepcopy.go:180.63,181.34 1 0
susk8s/operator/api/v1alpha1/zz_generated.deepcopy.go:181.34,183.3 1 0
susk8s/operator/api/v1alpha1/zz_generated.deepcopy.go:184.2,184.12 1 0
susk8s/operator/api/v1alpha1/zz_generated.deepcopy.go:188.69,192.2 3 0
susk8s/operator/api/v1alpha1/zz_generated.deepcopy.go:195.62,196.15 1 0
susk8s/operator/api/v1alpha1/zz_generated.deepcopy.go:196.15,198.3 1 0
susk8s/operator/api/v1alpha1/zz_generated.deepcopy.go:199.2,201.12 3 0
susk8s/operator/api/v1alpha1/zz_generated.deepcopy.go:205.73,208.25 3 0
susk8s/operator/api/v1alpha1/zz_generated.deepcopy.go:208.25,211.29 3 0
susk8s/operator/api/v1alpha1/zz_generated.deepcopy.go:211.29,213.4 1 0
susk8s/operator/api/v1alpha1/zz_generated.deepcopy.go:215.2,215.26 1 0
susk8s/operator/api/v1alpha1/zz_generated.deepcopy.go:215.26,218.22 3 0
susk8s/operator/api/v1alpha1/zz_generated.deepcopy.go:218.22,220.4 1 0
susk8s/operator/api/v1alpha1/zz_generated.deepcopy.go:225.66,226.15 1 0
susk8s/operator/api/v1alpha1/zz_generated.deepcopy.go:226.15,228.3 1 0
susk8s/operator/api/v1alpha1/zz_generated.deepcopy.go:229.2,231.12 3 0
susk8s/operator/api/v1alpha1/zz_generated.deepcopy.go:235.57,237.2 1 0
susk8s/operator/api/v1alpha1/zz_generated.deepcopy.go:240.50,241.15 1 0
susk8s/operator/api/v1alpha1/zz_generated.deepcopy.go:241.15,243.3 1 0
susk8s/operator/api/v1alpha1/zz_generated.deepcopy.go:244.2,246.12 3 0
susk8s/operator/api/v1alpha1/zz_generated.deepcopy.go:250.65,252.2 1 0
susk8s/operator/api/v1alpha1/zz_generated.deepcopy.go:255.58,256.15 1 0
susk8s/operator/api/v1alpha1/zz_generated.deepcopy.go:256.15,258.3 1 0
susk8s/operator/api/v1alpha1/zz_generated.deepcopy.go:259.2,261.12 3 0
susk8s/operator/api/v1alpha1/zz_generated.deepcopy.go:265.61,267.33 2 0
susk8s/operator/api/v1alpha1/zz_generated.deepcopy.go:267.33,271.3 3 0
susk8s/operator/api/v1alpha1/zz_generated.deepcopy.go:272.2,272.28 1 0
susk8s/operator/api/v1alpha1/zz_generated.deepcopy.go:272.28,276.3 3 0
susk8s/operator/api/v1alpha1/zz_generated.deepcopy.go:280.54,281.15 1 0
susk8s/operator/api/v1alpha1/zz_generated.deepcopy.go:281.15,283.3 1 0
susk8s/operator/api/v1alpha1/zz_generated.deepcopy.go:284.2,286.12 3 0
susk8s/operator/api/v1alpha1/zz_generated.deepcopy.go:290.61,296.2 5 0
susk8s/operator/api/v1alpha1/zz_generated.deepcopy.go:299.54,300.15 1 0
susk8s/operator/api/v1alpha1/zz_generated.deepcopy.go:300.15,302.3 1 0
susk8s/operator/api/v1alpha1/zz_generated.deepcopy.go:303.2,305.12 3 0
susk8s/operator/api/v1alpha1/zz_generated.deepcopy.go:309.59,310.34 1 0
susk8s/operator/api/v1alpha1/zz_generated.deepcopy.go:310.34,312.3 1 0
susk8s/operator/api/v1alpha1/zz_generated.deepcopy.go:313.2,313.12 1 0
susk8s/operator/api/v1alpha1/zz_generated.deepcopy.go:317.69,321.21 4 0
susk8s/operator/api/v1alpha1/zz_generated.deepcopy.go:321.21,324.22 3 0
susk8s/operator/api/v1alpha1/zz_generated.deepcopy.go:324.22,326.4 1 0
susk8s/operator/api/v1alpha1/zz_generated.deepcopy.go:331.62,332.15 1 0
susk8s/operator/api/v1alpha1/zz_generated.deepcopy.go:332.15,334.3 1 0
susk8s/operator/api/v1alpha1/zz_generated.deepcopy.go:335.2,337.12 3 0
susk8s/operator/api/v1alpha1/zz_generated.deepcopy.go:341.63,342.34 1 0
susk8s/operator/api/v1alpha1/zz_generated.deepcopy.go:342.34,344.3 1 0
susk8s/operator/api/v1alpha1/zz_generated.deepcopy.go:345.2,345.12 1 0
susk8s/operator/api/v1alpha1/zz_generated.deepcopy.go:349.69,352.34 3 0
susk8s/operator/api/v1alpha1/zz_generated.deepcopy.go:352.34,356.3 3 0
susk8s/operator/api/v1alpha1/zz_generated.deepcopy.go:357.2,357.30 1 0
susk8s/operator/api/v1alpha1/zz_generated.deepcopy.go:357.30,361.3 3 0
susk8s/operator/api/v1alpha1/zz_generated.deepcopy.go:362.2,362.26 1 0
susk8s/operator/api/v1alpha1/zz_generated.deepcopy.go:362.26,366.3 3 0
susk8s/operator/api/v1alpha1/zz_generated.deepcopy.go:370.62,371.15 1 0
susk8s/operator/api/v1alpha1/zz_generated.deepcopy.go:371.15,373.3 1 0
susk8s/operator/api/v1alpha1/zz_generated.deepcopy.go:374.2,376.12 3 0
susk8s/operator/api/v1alpha1/zz_generated.deepcopy.go:380.73,382.2 1 0
susk8s/operator/api/v1alpha1/zz_generated.deepcopy.go:385.66,386.15 1 0
susk8s/operator/api/v1alpha1/zz_generated.deepcopy.go:386.15,388.3 1 0
susk8s/operator/api/v1alpha1/zz_generated.deepcopy.go:389.2,391.12 3 0
susk8s/operator/api/v1alpha1/zz_generated.deepcopy.go:395.61,397.33 2 0
susk8s/operator/api/v1alpha1/zz_generated.deepcopy.go:397.33,401.3 3 0
susk8s/operator/api/v1alpha1/zz_generated.deepcopy.go:402.2,402.27 1 0
susk8s/operator/api/v1alpha1/zz_generated.deepcopy.go:402.27,405.29 3 0
susk8s/operator/api/v1alpha1/zz_generated.deepcopy.go:405.29,407.4 1 0
susk8s/operator/api/v1alpha1/zz_generated.deepcopy.go:412.54,413.15 1 0
susk8s/operator/api/v1alpha1/zz_generated.deepcopy.go:413.15,415.3 1 0
susk8s/operator/api/v1alpha1/zz_generated.deepcopy.go:416.2,418.12 3 0
susk8s/operator/test/utils/utils.go:38.27,40.2 1 0
susk8s/operator/test/utils/utils.go:43.41,47.42 3 0
susk8s/operator/test/utils/utils.go:47.42,49.3 1 0
susk8s/operator/test/utils/utils.go:51.2,55.16 5 0
susk8s/operator/test/utils/utils.go:55.16,57.3 1 0
susk8s/operator/test/utils/utils.go:59.2,59.28 1 0
susk8s/operator/test/utils/utils.go:63.29,66.36 3 0
susk8s/operator/test/utils/utils.go:66.36,68.3 1 0
susk8s/operator/test/utils/utils.go:71.2,75.41 2 0
susk8s/operator/test/utils/utils.go:75.41,78.37 2 0
susk8s/operator/test/utils/utils.go:78.37,80.4 1 0
susk8s/operator/test/utils/utils.go:85.33,88.36 3 0
susk8s/operator/test/utils/utils.go:88.36,90.3 1 0
susk8s/operator/test/utils/utils.go:93.2,100.12 3 0
susk8s/operator/test/utils/utils.go:105.40,119.16 4 0
susk8s/operator/test/utils/utils.go:119.16,121.3 1 0
susk8s/operator/test/utils/utils.go:124.2,125.38 2 0
susk8s/operator/test/utils/utils.go:125.38,126.32 1 0
susk8s/operator/test/utils/utils.go:126.32,127.35 1 0
susk8s/operator/test/utils/utils.go:127.35,129.5 1 0
susk8s/operator/test/utils/utils.go:133.2,133.14 1 0
susk8s/operator/test/utils/utils.go:137.56,139.47 2 0
susk8s/operator/test/utils/utils.go:139.47,141.3 1 0
susk8s/operator/test/utils/utils.go:142.2,144.39 3 0
susk8s/operator/test/utils/utils.go:144.39,146.3 1 0
susk8s/operator/test/utils/utils.go:147.2,149.12 3 0
susk8s/operator/test/utils/utils.go:154.47,157.35 3 0
susk8s/operator/test/utils/utils.go:157.35,158.20 1 0
susk8s/operator/test/utils/utils.go:158.20,160.4 1 0
susk8s/operator/test/utils/utils.go:163.2,163.12 1 0
susk8s/operator/test/utils/utils.go:167.38,169.16 2 0
susk8s/operator/test/utils/utils.go:169.16,171.3 1 0
susk8s/operator/test/utils/utils.go:172.2,173.16 2 0
susk8s/operator/test/utils/utils.go:178.59,182.16 2 0
susk8s/operator/test/utils/utils.go:182.16,184.3 1 0
susk8s/operator/test/utils/utils.go:185.2,188.13 3 0
susk8s/operator/test/utils/utils.go:188.13,190.3 1 0
susk8s/operator/test/utils/utils.go:192.2,194.16 3 0
susk8s/operator/test/utils/utils.go:194.16,196.3 1 0
susk8s/operator/test/utils/utils.go:198.2,199.21 2 0
susk8s/operator/test/utils/utils.go:199.21,201.3 1 0
susk8s/operator/test/utils/utils.go:202.2,202.6 1 0
susk8s/operator/test/utils/utils.go:202.6,203.87 1 0
susk8s/operator/test/utils/utils.go:203.87,205.4 1 0
susk8s/operator/test/utils/utils.go:207.3,207.22 1 0
susk8s/operator/test/utils/utils.go:207.22,208.9 1 0
susk8s/operator/test/utils/utils.go:210.3,210.49 1 0
susk8s/operator/test/utils/utils.go:210.49,212.4 1 0
susk8s/operator/test/utils/utils.go:215.2,215.63 1 0
susk8s/operator/test/utils/utils.go:215.63,217.3 1 0
susk8s/operator/test/utils/utils.go:221.2,221.65 1 0
susk8s/operator/test/utils/utils.go:221.65,223.3 1 0
susk8s/operator/test/utils/utils.go:225.2,225.12 1 0
susk8s/operator/cmd/main.go:29.13,32.2 2 0
susk8s/operator/cmd/main.go:34.13,54.16 14 0
susk8s/operator/cmd/main.go:54.16,57.3 2 0
susk8s/operator/cmd/main.go:59.2,70.16 3 0
susk8s/operator/cmd/main.go:70.16,73.3 2 0
susk8s/operator/cmd/main.go:75.2,78.39 1 0
susk8s/operator/cmd/main.go:78.39,81.3 2 0
susk8s/operator/cmd/main.go:82.2,85.39 1 0
susk8s/operator/cmd/main.go:85.39,88.3 2 0
susk8s/operator/cmd/main.go:89.2,93.39 1 0
susk8s/operator/cmd/main.go:93.39,96.3 2 0
susk8s/operator/cmd/main.go:98.2,101.39 1 0
susk8s/operator/cmd/main.go:101.39,104.3 2 0
susk8s/operator/cmd/main.go:106.2,110.39 1 0
susk8s/operator/cmd/main.go:110.39,113.3 2 0
susk8s/operator/cmd/main.go:115.2,122.69 2 0
susk8s/operator/cmd/main.go:122.69,125.3 2 0
susk8s/operator/cmd/main.go:126.2,126.67 1 0
susk8s/operator/cmd/main.go:126.67,129.3 2 0
susk8s/operator/cmd/main.go:131.2,132.61 2 0
susk8s/operator/cmd/main.go:132.61,135.3 2 0
susk8s/operator/internal/controller/carboninfo_controller.go:32.102,36.68 3 1
susk8s/operator/internal/controller/carboninfo_controller.go:36.68,38.3 1 0
susk8s/operator/internal/controller/carboninfo_controller.go:40.2,42.43 2 1
susk8s/operator/internal/controller/carboninfo_controller.go:42.43,45.3 2 1
susk8s/operator/internal/controller/carboninfo_controller.go:45.8,45.47 1 0
susk8s/operator/internal/controller/carboninfo_controller.go:45.47,50.17 3 0
susk8s/operator/internal/controller/carboninfo_controller.go:50.17,53.4 2 0
susk8s/operator/internal/controller/carboninfo_controller.go:54.3,57.69 3 0
susk8s/operator/internal/controller/carboninfo_controller.go:57.69,60.4 2 0
susk8s/operator/internal/controller/carboninfo_controller.go:62.3,62.48 1 0
susk8s/operator/internal/controller/carboninfo_controller.go:64.8,64.58 1 0
susk8s/operator/internal/controller/carboninfo_controller.go:64.58,68.17 3 0
susk8s/operator/internal/controller/carboninfo_controller.go:68.17,71.4 2 0
susk8s/operator/internal/controller/carboninfo_controller.go:73.3,78.17 5 0
susk8s/operator/internal/controller/carboninfo_controller.go:78.17,81.4 2 0
susk8s/operator/internal/controller/carboninfo_controller.go:81.9,81.36 1 0
susk8s/operator/internal/controller/carboninfo_controller.go:81.36,84.4 2 0
susk8s/operator/internal/controller/carboninfo_controller.go:86.3,86.16 1 0
susk8s/operator/internal/controller/carboninfo_controller.go:86.16,87.43 1 0
susk8s/operator/internal/controller/carboninfo_controller.go:87.43,90.5 2 0
susk8s/operator/internal/controller/carboninfo_controller.go:90.10,99.5 3 0
susk8s/operator/internal/controller/carboninfo_controller.go:100.9,105.70 3 0
susk8s/operator/internal/controller/carboninfo_controller.go:105.70,108.5 2 0
susk8s/operator/internal/controller/carboninfo_controller.go:109.4,109.49 1 0
susk8s/operator/internal/controller/carboninfo_controller.go:114.2,114.56 1 1
susk8s/operator/internal/controller/carboninfo_controller.go:114.56,127.61 5 1
susk8s/operator/internal/controller/carboninfo_controller.go:127.61,130.4 2 0
susk8s/operator/internal/controller/carboninfo_controller.go:131.3,133.84 2 1
susk8s/operator/internal/controller/carboninfo_controller.go:133.84,135.4 1 0
susk8s/operator/internal/controller/carboninfo_controller.go:139.2,140.127 2 1
susk8s/operator/internal/controller/carboninfo_controller.go:140.127,142.3 1 0
susk8s/operator/internal/controller/carboninfo_controller.go:142.8,143.39 1 1
susk8s/operator/internal/controller/carboninfo_controller.go:143.39,144.31 1 0
susk8s/operator/internal/controller/carboninfo_controller.go:144.31,146.5 1 0
susk8s/operator/internal/controller/carboninfo_controller.go:148.4,150.47 2 0
susk8s/operator/internal/controller/carboninfo_controller.go:150.47,152.5 1 0
susk8s/operator/internal/controller/carboninfo_controller.go:152.10,154.5 1 0
susk8s/operator/internal/controller/carboninfo_controller.go:158.2,159.22 2 1
susk8s/operator/internal/controller/carboninfo_controller.go:159.22,161.3 1 0
susk8s/operator/internal/controller/carboninfo_controller.go:163.2,163.81 1 1
susk8s/operator/internal/controller/carboninfo_controller.go:166.140,174.97 2 1
susk8s/operator/internal/controller/carboninfo_controller.go:174.97,178.3 2 1
susk8s/operator/internal/controller/carboninfo_controller.go:181.2,181.20 1 0
susk8s/operator/internal/controller/carboninfo_controller.go:181.20,183.3 1 0
susk8s/operator/internal/controller/carboninfo_controller.go:184.2,185.26 2 0
susk8s/operator/internal/controller/carboninfo_controller.go:188.73,192.2 1 0
susk8s/operator/internal/controller/emissionreport_controller.go:29.106,33.64 3 0
susk8s/operator/internal/controller/emissionreport_controller.go:33.64,35.3 1 0
susk8s/operator/internal/controller/emissionreport_controller.go:37.2,37.70 1 0
susk8s/operator/internal/controller/emissionreport_controller.go:37.70,40.3 2 0
susk8s/operator/internal/controller/emissionreport_controller.go:42.2,43.16 2 0
susk8s/operator/internal/controller/emissionreport_controller.go:43.16,46.3 2 0
susk8s/operator/internal/controller/emissionreport_controller.go:48.2,50.16 3 0
susk8s/operator/internal/controller/emissionreport_controller.go:50.16,52.3 1 0
susk8s/operator/internal/controller/emissionreport_controller.go:54.2,58.16 4 0
susk8s/operator/internal/controller/emissionreport_controller.go:58.16,62.3 2 0
susk8s/operator/internal/controller/emissionreport_controller.go:63.2,97.56 7 0
susk8s/operator/internal/controller/emissionreport_controller.go:97.56,100.3 2 0
susk8s/operator/internal/controller/emissionreport_controller.go:102.2,104.27 2 0
susk8s/operator/internal/controller/emissionreport_controller.go:107.104,109.115 2 0
susk8s/operator/internal/controller/emissionreport_controller.go:109.115,111.3 1 0
susk8s/operator/internal/controller/emissionreport_controller.go:113.2,114.13 2 0
susk8s/operator/internal/controller/emissionreport_controller.go:114.13,116.3 1 0
susk8s/operator/internal/controller/emissionreport_controller.go:118.2,118.29 1 0
susk8s/operator/internal/controller/emissionreport_controller.go:121.130,123.16 2 0
susk8s/operator/internal/controller/emissionreport_controller.go:123.16,125.3 1 0
susk8s/operator/internal/controller/emissionreport_controller.go:126.2,126.23 1 0
susk8s/operator/internal/controller/emissionreport_controller.go:126.23,128.3 1 0
susk8s/operator/internal/controller/emissionreport_controller.go:130.2,131.26 2 0
susk8s/operator/internal/controller/emissionreport_controller.go:131.26,133.3 1 0
susk8s/operator/internal/controller/emissionreport_controller.go:135.2,135.35 1 0
susk8s/operator/internal/controller/emissionreport_controller.go:138.77,142.2 1 0
susk8s/operator/internal/controller/workloadpolicy_controller.go:22.106,24.64 2 1
susk8s/operator/internal/controller/workloadpolicy_controller.go:24.64,26.3 1 0
susk8s/operator/internal/controller/workloadpolicy_controller.go:28.2,29.84 2 1
susk8s/operator/internal/controller/workloadpolicy_controller.go:29.84,31.3 1 0
susk8s/operator/internal/controller/workloadpolicy_controller.go:33.2,34.36 2 1
susk8s/operator/internal/controller/workloadpolicy_controller.go:34.36,36.37 1 0
susk8s/operator/internal/controller/workloadpolicy_controller.go:36.37,45.44 3 0
susk8s/operator/internal/controller/workloadpolicy_controller.go:45.44,47.5 1 0
susk8s/operator/internal/controller/workloadpolicy_controller.go:49.4,49.19 1 0
susk8s/operator/internal/controller/workloadpolicy_controller.go:49.19,50.47 1 0
susk8s/operator/internal/controller/workloadpolicy_controller.go:50.47,52.6 1 0
susk8s/operator/internal/controller/workloadpolicy_controller.go:57.2,59.55 3 1
susk8s/operator/internal/controller/workloadpolicy_controller.go:62.126,63.46 1 0
susk8s/operator/internal/controller/workloadpolicy_controller.go:63.46,65.3 1 0
susk8s/operator/internal/controller/workloadpolicy_controller.go:67.2,67.55 1 0
susk8s/operator/internal/controller/workloadpolicy_controller.go:67.55,68.66 1 0
susk8s/operator/internal/controller/workloadpolicy_controller.go:68.66,70.4 1 0
susk8s/operator/internal/controller/workloadpolicy_controller.go:72.2,72.13 1 0
susk8s/operator/internal/controller/workloadpolicy_controller.go:75.77,81.2 1 0
susk8s/operator/controllers/carboninfo_controller.go:32.102,37.68 3 1
susk8s/operator/controllers/carboninfo_controller.go:37.68,39.3 1 1
susk8s/operator/controllers/carboninfo_controller.go:41.2,44.43 2 1
susk8s/operator/controllers/carboninfo_controller.go:44.43,47.3 2 1
susk8s/operator/controllers/carboninfo_controller.go:47.8,47.47 1 1
susk8s/operator/controllers/carboninfo_controller.go:47.47,52.17 3 0
susk8s/operator/controllers/carboninfo_controller.go:52.17,55.4 2 0
susk8s/operator/controllers/carboninfo_controller.go:56.3,59.69 3 0
susk8s/operator/controllers/carboninfo_controller.go:59.69,62.4 2 0
susk8s/operator/controllers/carboninfo_controller.go:63.3,63.48 1 0
susk8s/operator/controllers/carboninfo_controller.go:65.8,65.58 1 1
susk8s/operator/controllers/carboninfo_controller.go:65.58,70.17 3 1
susk8s/operator/controllers/carboninfo_controller.go:70.17,73.4 2 0
susk8s/operator/controllers/carboninfo_controller.go:76.3,82.17 5 1
susk8s/operator/controllers/carboninfo_controller.go:82.17,85.4 2 0
susk8s/operator/controllers/carboninfo_controller.go:85.9,85.36 1 1
susk8s/operator/controllers/carboninfo_controller.go:85.36,88.4 2 1
susk8s/operator/controllers/carboninfo_controller.go:89.3,89.16 1 1
susk8s/operator/controllers/carboninfo_controller.go:89.16,90.43 1 1
susk8s/operator/controllers/carboninfo_controller.go:90.43,93.5 2 1
susk8s/operator/controllers/carboninfo_controller.go:93.10,103.5 3 0
susk8s/operator/controllers/carboninfo_controller.go:104.9,110.70 3 0
susk8s/operator/controllers/carboninfo_controller.go:110.70,113.5 2 0
susk8s/operator/controllers/carboninfo_controller.go:114.4,114.49 1 0
susk8s/operator/controllers/carboninfo_controller.go:119.2,122.56 2 1
susk8s/operator/controllers/carboninfo_controller.go:122.56,135.61 5 1
susk8s/operator/controllers/carboninfo_controller.go:135.61,138.4 2 0
susk8s/operator/controllers/carboninfo_controller.go:139.3,139.101 1 1
susk8s/operator/controllers/carboninfo_controller.go:144.2,146.127 2 1
susk8s/operator/controllers/carboninfo_controller.go:146.127,148.3 1 0
susk8s/operator/controllers/carboninfo_controller.go:148.8,150.39 1 1
susk8s/operator/controllers/carboninfo_controller.go:150.39,151.31 1 1
susk8s/operator/controllers/carboninfo_controller.go:151.31,153.5 1 1
susk8s/operator/controllers/carboninfo_controller.go:155.4,158.47 3 1
susk8s/operator/controllers/carboninfo_controller.go:158.47,160.5 1 0
susk8s/operator/controllers/carboninfo_controller.go:160.10,162.5 1 1
susk8s/operator/controllers/carboninfo_controller.go:167.2,168.22 2 1
susk8s/operator/controllers/carboninfo_controller.go:168.22,170.3 1 0
susk8s/operator/controllers/carboninfo_controller.go:172.2,172.81 1 1
susk8s/operator/controllers/carboninfo_controller.go:175.73,179.2 1 0
susk8s/operator/controllers/emissionreport_controller.go:30.106,34.64 3 1
susk8s/operator/controllers/emissionreport_controller.go:34.64,36.3 1 0
susk8s/operator/controllers/emissionreport_controller.go:37.2,37.70 1 1
susk8s/operator/controllers/emissionreport_controller.go:37.70,40.3 2 0
susk8s/operator/controllers/emissionreport_controller.go:43.2,44.16 2 1
susk8s/operator/controllers/emissionreport_controller.go:44.16,47.3 2 1
susk8s/operator/controllers/emissionreport_controller.go:50.2,52.16 3 1
susk8s/operator/controllers/emissionreport_controller.go:52.16,54.3 1 0
susk8s/operator/controllers/emissionreport_controller.go:57.2,61.16 4 1
susk8s/operator/controllers/emissionreport_controller.go:61.16,64.3 2 1
susk8s/operator/controllers/emissionreport_controller.go:65.2,88.27 8 1
susk8s/operator/controllers/emissionreport_controller.go:89.19,92.35 2 1
susk8s/operator/controllers/emissionreport_controller.go:93.20,96.32 2 1
susk8s/operator/controllers/emissionreport_controller.go:97.18,100.30 2 0
susk8s/operator/controllers/emissionreport_controller.go:101.14,104.30 2 0
susk8s/operator/controllers/emissionreport_controller.go:105.10,108.35 3 0
susk8s/operator/controllers/emissionreport_controller.go:112.2,113.16 2 1
susk8s/operator/controllers/emissionreport_controller.go:113.16,115.3 1 1
susk8s/operator/controllers/emissionreport_controller.go:115.8,117.51 1 1
susk8s/operator/controllers/emissionreport_controller.go:117.51,125.4 3 1
susk8s/operator/controllers/emissionreport_controller.go:129.2,137.56 3 1
susk8s/operator/controllers/emissionreport_controller.go:137.56,140.3 2 0
susk8s/operator/controllers/emissionreport_controller.go:142.2,144.27 2 1
susk8s/operator/controllers/emissionreport_controller.go:148.104,152.53 2 1
susk8s/operator/controllers/emissionreport_controller.go:152.53,154.3 1 0
susk8s/operator/controllers/emissionreport_controller.go:157.2,157.42 1 1
susk8s/operator/controllers/emissionreport_controller.go:157.42,158.31 1 1
susk8s/operator/controllers/emissionreport_controller.go:158.31,160.71 1 1
susk8s/operator/controllers/emissionreport_controller.go:160.71,162.5 1 0
susk8s/operator/controllers/emissionreport_controller.go:163.4,163.47 1 1
susk8s/operator/controllers/emissionreport_controller.go:167.2,167.71 1 1
susk8s/operator/controllers/emissionreport_controller.go:170.130,173.16 2 1
susk8s/operator/controllers/emissionreport_controller.go:173.16,175.3 1 1
susk8s/operator/controllers/emissionreport_controller.go:176.2,176.23 1 1
susk8s/operator/controllers/emissionreport_controller.go:176.23,178.3 1 0
susk8s/operator/controllers/emissionreport_controller.go:181.2,182.26 2 1
susk8s/operator/controllers/emissionreport_controller.go:182.26,184.3 1 0
susk8s/operator/controllers/emissionreport_controller.go:187.2,187.35 1 1
susk8s/operator/controllers/emissionreport_controller.go:191.161,193.16 2 1
susk8s/operator/controllers/emissionreport_controller.go:193.16,195.3 1 1
susk8s/operator/controllers/emissionreport_controller.go:196.2,196.23 1 1
susk8s/operator/controllers/emissionreport_controller.go:196.23,198.3 1 0
susk8s/operator/controllers/emissionreport_controller.go:199.2,200.9 2 1
susk8s/operator/controllers/emissionreport_controller.go:200.9,202.3 1 0
susk8s/operator/controllers/emissionreport_controller.go:204.2,205.29 2 1
susk8s/operator/controllers/emissionreport_controller.go:205.29,208.23 2 1
susk8s/operator/controllers/emissionreport_controller.go:208.23,211.4 1 0
susk8s/operator/controllers/emissionreport_controller.go:213.3,213.48 1 1
susk8s/operator/controllers/emissionreport_controller.go:216.2,216.23 1 1
susk8s/operator/controllers/emissionreport_controller.go:219.77,223.2 1 0
susk8s/operator/controllers/keplermetricssync_controller.go:28.109,31.44 3 1
susk8s/operator/controllers/keplermetricssync_controller.go:31.44,33.3 1 0
susk8s/operator/controllers/keplermetricssync_controller.go:34.2,35.35 2 1
susk8s/operator/controllers/keplermetricssync_controller.go:35.35,37.17 2 1
susk8s/operator/controllers/keplermetricssync_controller.go:37.17,39.12 2 1
susk8s/operator/controllers/keplermetricssync_controller.go:41.3,42.30 2 1
susk8s/operator/controllers/keplermetricssync_controller.go:42.30,44.4 1 1
susk8s/operator/controllers/keplermetricssync_controller.go:45.3,46.13 2 1
susk8s/operator/controllers/keplermetricssync_controller.go:46.13,48.77 1 0
susk8s/operator/controllers/keplermetricssync_controller.go:48.77,52.5 2 0
susk8s/operator/controllers/keplermetricssync_controller.go:52.10,54.5 1 0
susk8s/operator/controllers/keplermetricssync_controller.go:57.3,58.46 2 1
susk8s/operator/controllers/keplermetricssync_controller.go:58.46,60.12 2 0
susk8s/operator/controllers/keplermetricssync_controller.go:64.2,65.57 2 1
susk8s/operator/controllers/keplermetricssync_controller.go:68.119,71.45 3 1
susk8s/operator/controllers/keplermetricssync_controller.go:71.45,72.41 1 1
susk8s/operator/controllers/keplermetricssync_controller.go:72.41,74.9 2 1
susk8s/operator/controllers/keplermetricssync_controller.go:77.2,79.16 3 1
susk8s/operator/controllers/keplermetricssync_controller.go:79.16,81.3 1 0
susk8s/operator/controllers/keplermetricssync_controller.go:82.2,82.64 1 1
susk8s/operator/controllers/keplermetricssync_controller.go:82.64,84.3 1 1
susk8s/operator/controllers/keplermetricssync_controller.go:86.2,86.82 1 1
susk8s/operator/controllers/keplermetricssync_controller.go:89.80,94.2 1 0
susk8s/operator/controllers/metrics.go:49.13,51.2 1 1
susk8s/operator/controllers/pod_webhook.go:25.92,29.51 2 1
susk8s/operator/controllers/pod_webhook.go:29.51,31.3 1 1
susk8s/operator/controllers/pod_webhook.go:33.2,37.91 3 1
susk8s/operator/controllers/pod_webhook.go:37.91,39.43 1 1
susk8s/operator/controllers/pod_webhook.go:39.43,42.57 2 1
susk8s/operator/controllers/pod_webhook.go:42.57,43.31 1 1
susk8s/operator/controllers/pod_webhook.go:43.31,45.11 2 1
susk8s/operator/controllers/pod_webhook.go:50.4,50.58 1 1
susk8s/operator/controllers/pod_webhook.go:50.58,54.46 3 1
susk8s/operator/controllers/pod_webhook.go:54.46,55.32 1 1
susk8s/operator/controllers/pod_webhook.go:55.32,57.7 1 1
susk8s/operator/controllers/pod_webhook.go:58.6,60.43 2 1
susk8s/operator/controllers/pod_webhook.go:60.43,61.62 1 0
susk8s/operator/controllers/pod_webhook.go:61.62,63.8 1 0
susk8s/operator/controllers/pod_webhook.go:64.7,64.57 1 0
susk8s/operator/controllers/pod_webhook.go:64.57,66.8 1 0
susk8s/operator/controllers/pod_webhook.go:69.6,69.39 1 1
susk8s/operator/controllers/pod_webhook.go:69.39,71.7 1 1
susk8s/operator/controllers/pod_webhook.go:71.12,74.7 1 0
susk8s/operator/controllers/pod_webhook.go:76.5,76.10 1 1
susk8s/operator/controllers/pod_webhook.go:82.2,82.14 1 1
susk8s/operator/controllers/pod_webhook.go:82.14,84.3 1 1
susk8s/operator/controllers/pod_webhook.go:87.2,88.16 2 1
susk8s/operator/controllers/pod_webhook.go:88.16,90.3 1 0
susk8s/operator/controllers/pod_webhook.go:92.2,92.69 1 1
susk8s/operator/controllers/rescheduling_controller.go:29.104,33.64 3 1
susk8s/operator/controllers/rescheduling_controller.go:33.64,35.3 1 0
susk8s/operator/controllers/rescheduling_controller.go:37.2,37.70 1 1
susk8s/operator/controllers/rescheduling_controller.go:37.70,39.3 1 1
susk8s/operator/controllers/rescheduling_controller.go:41.2,42.84 2 1
susk8s/operator/controllers/rescheduling_controller.go:42.84,44.3 1 0
susk8s/operator/controllers/rescheduling_controller.go:46.2,47.50 2 1
susk8s/operator/controllers/rescheduling_controller.go:47.50,49.3 1 1
susk8s/operator/controllers/rescheduling_controller.go:50.2,55.36 3 1
susk8s/operator/controllers/rescheduling_controller.go:55.36,58.35 1 1
susk8s/operator/controllers/rescheduling_controller.go:58.35,59.12 1 1
susk8s/operator/controllers/rescheduling_controller.go:63.3,64.19 2 1
susk8s/operator/controllers/rescheduling_controller.go:64.19,65.12 1 0
susk8s/operator/controllers/rescheduling_controller.go:68.3,69.86 2 1
susk8s/operator/controllers/rescheduling_controller.go:69.86,70.12 1 0
susk8s/operator/controllers/rescheduling_controller.go:73.3,86.32 8 1
susk8s/operator/controllers/rescheduling_controller.go:86.32,88.19 1 1
susk8s/operator/controllers/rescheduling_controller.go:88.19,91.5 2 0
susk8s/operator/controllers/rescheduling_controller.go:91.10,91.32 1 1
susk8s/operator/controllers/rescheduling_controller.go:91.32,94.5 2 1
susk8s/operator/controllers/rescheduling_controller.go:95.9,97.19 1 1
susk8s/operator/controllers/rescheduling_controller.go:97.19,100.5 2 1
susk8s/operator/controllers/rescheduling_controller.go:103.3,103.18 1 1
susk8s/operator/controllers/rescheduling_controller.go:103.18,104.37 1 1
susk8s/operator/controllers/rescheduling_controller.go:104.37,106.10 2 0
susk8s/operator/controllers/rescheduling_controller.go:109.4,116.48 2 1
susk8s/operator/controllers/rescheduling_controller.go:116.48,118.13 2 0
susk8s/operator/controllers/rescheduling_controller.go:120.4,121.71 2 1
susk8s/operator/controllers/rescheduling_controller.go:122.9,124.77 1 1
susk8s/operator/controllers/rescheduling_controller.go:124.77,126.5 1 0
susk8s/operator/controllers/rescheduling_controller.go:130.2,131.48 2 1
susk8s/operator/controllers/rescheduling_controller.go:131.48,133.3 1 1
susk8s/operator/controllers/rescheduling_controller.go:134.2,134.49 1 1
susk8s/operator/controllers/rescheduling_controller.go:137.90,139.47 2 1
susk8s/operator/controllers/rescheduling_controller.go:139.47,141.3 1 0
susk8s/operator/controllers/rescheduling_controller.go:143.2,144.38 2 1
susk8s/operator/controllers/rescheduling_controller.go:144.38,146.10 2 1
susk8s/operator/controllers/rescheduling_controller.go:146.10,147.12 1 0
susk8s/operator/controllers/rescheduling_controller.go:150.3,151.45 2 1
susk8s/operator/controllers/rescheduling_controller.go:151.45,153.4 1 1
susk8s/operator/controllers/rescheduling_controller.go:155.2,155.26 1 1
susk8s/operator/controllers/rescheduling_controller.go:158.87,166.2 2 1
susk8s/operator/controllers/rescheduling_controller.go:168.108,170.9 2 1
susk8s/operator/controllers/rescheduling_controller.go:170.9,172.3 1 0
susk8s/operator/controllers/rescheduling_controller.go:174.2,177.32 3 1
susk8s/operator/controllers/rescheduling_controller.go:177.32,179.3 1 0
susk8s/operator/controllers/rescheduling_controller.go:181.2,181.34 1 1
susk8s/operator/controllers/rescheduling_controller.go:184.75,197.2 1 0
susk8s/operator/controllers/rescheduling_controller.go:199.112,201.48 2 0
susk8s/operator/controllers/rescheduling_controller.go:201.48,203.3 1 0
susk8s/operator/controllers/rescheduling_controller.go:205.2,206.42 2 0
susk8s/operator/controllers/rescheduling_controller.go:206.42,213.3 1 0
susk8s/operator/controllers/rescheduling_controller.go:214.2,214.17 1 0
susk8s/operator/controllers/rescheduling_controller.go:217.111,219.9 2 0
susk8s/operator/controllers/rescheduling_controller.go:219.9,221.3 1 0
susk8s/operator/controllers/rescheduling_controller.go:223.2,223.71 1 0
susk8s/operator/controllers/rescheduling_controller.go:223.71,225.3 1 0
susk8s/operator/controllers/rescheduling_controller.go:227.2,228.83 2 0
susk8s/operator/controllers/rescheduling_controller.go:228.83,230.3 1 0
susk8s/operator/controllers/rescheduling_controller.go:232.2,233.42 2 0
susk8s/operator/controllers/rescheduling_controller.go:233.42,240.3 1 0
susk8s/operator/controllers/rescheduling_controller.go:241.2,241.17 1 0
susk8s/operator/controllers/workloadpolicy_controller.go:22.106,25.64 2 1
susk8s/operator/controllers/workloadpolicy_controller.go:25.64,27.3 1 0
susk8s/operator/controllers/workloadpolicy_controller.go:30.2,31.84 2 1
susk8s/operator/controllers/workloadpolicy_controller.go:31.84,33.3 1 0
susk8s/operator/controllers/workloadpolicy_controller.go:35.2,36.36 2 1
susk8s/operator/controllers/workloadpolicy_controller.go:36.36,38.37 1 1
susk8s/operator/controllers/workloadpolicy_controller.go:38.37,40.4 1 1
susk8s/operator/controllers/workloadpolicy_controller.go:44.2,46.55 3 1
susk8s/operator/controllers/workloadpolicy_controller.go:50.126,52.46 1 1
susk8s/operator/controllers/workloadpolicy_controller.go:52.46,54.3 1 0
susk8s/operator/controllers/workloadpolicy_controller.go:57.2,57.55 1 1
susk8s/operator/controllers/workloadpolicy_controller.go:57.55,58.66 1 1
susk8s/operator/controllers/workloadpolicy_controller.go:58.66,60.4 1 1
susk8s/operator/controllers/workloadpolicy_controller.go:62.2,62.13 1 1
susk8s/operator/controllers/workloadpolicy_controller.go:65.77,71.2 1 0
